# JRE version: Java(TM) SE Runtime Environment (8.0_202-b08) (build 1.8.0_202-b08)
# Java VM: Java HotSpot(TM) 64-Bit Server VM (25.202-b08 mixed mode windows-amd64 compressed oops)
Heap:
 PSYoungGen      total 71680K, used 35327K [0x00000000e0400000, 0x00000000e7100000, 0x0000000100000000)
  eden space 61440K, 40% used [0x00000000e0400000,0x00000000e1c84d10,0x00000000e4000000)
  from space 10240K, 99% used [0x00000000e6300000,0x00000000e6cfb1e8,0x00000000e6d00000)
  to   space 25088K, 0% used [0x00000000e4000000,0x00000000e4000000,0x00000000e5880000)
 ParOldGen       total 55296K, used 38185K [0x00000000a0c00000, 0x00000000a4200000, 0x00000000e0400000)
  object space 55296K, 69% used [0x00000000a0c00000,0x00000000a314a4b0,0x00000000a4200000)
 Metaspace       used 32281K, capacity 34396K, committed 34480K, reserved 1079296K
  class space    used 4092K, capacity 4463K, committed 4528K, reserved 1048576K
GC Heap History (10 events):
Event: 21.399 GC heap before
{Heap before GC invocations=7 (full 1):
 PSYoungGen      total 53248K, used 52891K [0x00000000e0400000, 0x00000000e5d00000, 0x0000000100000000)
  eden space 49152K, 99% used [0x00000000e0400000,0x00000000e33aecb0,0x00000000e3400000)
  from space 4096K, 99% used [0x00000000e3400000,0x00000000e37f8010,0x00000000e3800000)
  to   space 10752K, 0% used [0x00000000e5280000,0x00000000e5280000,0x00000000e5d00000)
 ParOldGen       total 55296K, used 14110K [0x00000000a0c00000, 0x00000000a4200000, 0x00000000e0400000)
  object space 55296K, 25% used [0x00000000a0c00000,0x00000000a19c7968,0x00000000a4200000)
 Metaspace       used 29328K, capacity 30848K, committed 31152K, reserved 1077248K
  class space    used 3867K, capacity 4195K, committed 4272K, reserved 1048576K
Event: 21.421 GC heap after
Heap after GC invocations=7 (full 1):
 PSYoungGen      total 77312K, used 10720K [0x00000000e0400000, 0x00000000e6100000, 0x0000000100000000)
  eden space 66560K, 0% used [0x00000000e0400000,0x00000000e0400000,0x00000000e4500000)
  from space 10752K, 99% used [0x00000000e5280000,0x00000000e5cf8010,0x00000000e5d00000)
  to   space 13824K, 0% used [0x00000000e4500000,0x00000000e4500000,0x00000000e5280000)
 ParOldGen       total 55296K, used 17188K [0x00000000a0c00000, 0x00000000a4200000, 0x00000000e0400000)
  object space 55296K, 31% used [0x00000000a0c00000,0x00000000a1cc9360,0x00000000a4200000)
 Metaspace       used 29328K, capacity 30848K, committed 31152K, reserved 1077248K
  class space    used 3867K, capacity 4195K, committed 4272K, reserved 1048576K
}
Event: 41.808 GC heap before
{Heap before GC invocations=8 (full 1):
 PSYoungGen      total 77312K, used 77280K [0x00000000e0400000, 0x00000000e6100000, 0x0000000100000000)
  eden space 66560K, 100% used [0x00000000e0400000,0x00000000e4500000,0x00000000e4500000)
  from space 10752K, 99% used [0x00000000e5280000,0x00000000e5cf8010,0x00000000e5d00000)
  to   space 13824K, 0% used [0x00000000e4500000,0x00000000e4500000,0x00000000e5280000)
 ParOldGen       total 55296K, used 17188K [0x00000000a0c00000, 0x00000000a4200000, 0x00000000e0400000)
  object space 55296K, 31% used [0x00000000a0c00000,0x00000000a1cc9360,0x00000000a4200000)
 Metaspace       used 30598K, capacity 32508K, committed 32816K, reserved 1077248K
  class space    used 3999K, capacity 4343K, committed 4400K, reserved 1048576K
Event: 41.824 GC heap after
Heap after GC invocations=8 (full 1):
 PSYoungGen      total 80384K, used 13804K [0x00000000e0400000, 0x00000000e7f00000, 0x0000000100000000)
  eden space 66560K, 0% used [0x00000000e0400000,0x00000000e0400000,0x00000000e4500000)
  from space 13824K, 99% used [0x00000000e4500000,0x00000000e527b2f8,0x00000000e5280000)
  to   space 18944K, 0% used [0x00000000e6c80000,0x00000000e6c80000,0x00000000e7f00000)
 ParOldGen       total 55296K, used 23065K [0x00000000a0c00000, 0x00000000a4200000, 0x00000000e0400000)
  object space 55296K, 41% used [0x00000000a0c00000,0x00000000a2286440,0x00000000a4200000)
 Metaspace       used 30598K, capacity 32508K, committed 32816K, reserved 1077248K
  class space    used 3999K, capacity 4343K, committed 4400K, reserved 1048576K
}
Event: 344.407 GC heap before
{Heap before GC invocations=9 (full 1):
 PSYoungGen      total 80384K, used 80364K [0x00000000e0400000, 0x00000000e7f00000, 0x0000000100000000)
  eden space 66560K, 100% used [0x00000000e0400000,0x00000000e4500000,0x00000000e4500000)
  from space 13824K, 99% used [0x00000000e4500000,0x00000000e527b2f8,0x00000000e5280000)
  to   space 18944K, 0% used [0x00000000e6c80000,0x00000000e6c80000,0x00000000e7f00000)
 ParOldGen       total 55296K, used 23065K [0x00000000a0c00000, 0x00000000a4200000, 0x00000000e0400000)
  object space 55296K, 41% used [0x00000000a0c00000,0x00000000a2286440,0x00000000a4200000)
 Metaspace       used 31556K, capacity 33618K, committed 33712K, reserved 1079296K
  class space    used 4070K, capacity 4440K, committed 4528K, reserved 1048576K
Event: 344.421 GC heap after
Heap after GC invocations=9 (full 1):
 PSYoungGen      total 79360K, used 14744K [0x00000000e0400000, 0x00000000e7b00000, 0x0000000100000000)
  eden space 64512K, 0% used [0x00000000e0400000,0x00000000e0400000,0x00000000e4300000)
  from space 14848K, 99% used [0x00000000e6c80000,0x00000000e7ae63c0,0x00000000e7b00000)
  to   space 19968K, 0% used [0x00000000e5400000,0x00000000e5400000,0x00000000e6780000)
 ParOldGen       total 55296K, used 23073K [0x00000000a0c00000, 0x00000000a4200000, 0x00000000e0400000)
  object space 55296K, 41% used [0x00000000a0c00000,0x00000000a2288440,0x00000000a4200000)
 Metaspace       used 31556K, capacity 33618K, committed 33712K, reserved 1079296K
  class space    used 4070K, capacity 4440K, committed 4528K, reserved 1048576K
}
Event: 1018.860 GC heap before
{Heap before GC invocations=10 (full 1):
 PSYoungGen      total 79360K, used 79256K [0x00000000e0400000, 0x00000000e7b00000, 0x0000000100000000)
  eden space 64512K, 100% used [0x00000000e0400000,0x00000000e4300000,0x00000000e4300000)
  from space 14848K, 99% used [0x00000000e6c80000,0x00000000e7ae63c0,0x00000000e7b00000)
  to   space 19968K, 0% used [0x00000000e5400000,0x00000000e5400000,0x00000000e6780000)
 ParOldGen       total 55296K, used 23073K [0x00000000a0c00000, 0x00000000a4200000, 0x00000000e0400000)
  object space 55296K, 41% used [0x00000000a0c00000,0x00000000a2288440,0x00000000a4200000)
 Metaspace       used 31752K, capacity 33810K, committed 33968K, reserved 1079296K
  class space    used 4073K, capacity 4440K, committed 4528K, reserved 1048576K
Event: 1018.876 GC heap after
Heap after GC invocations=10 (full 1):
 PSYoungGen      total 78336K, used 14892K [0x00000000e0400000, 0x00000000e6d00000, 0x0000000100000000)
  eden space 62976K, 0% used [0x00000000e0400000,0x00000000e0400000,0x00000000e4180000)
  from space 15360K, 96% used [0x00000000e5400000,0x00000000e628b2f8,0x00000000e6300000)
  to   space 10240K, 0% used [0x00000000e6300000,0x00000000e6300000,0x00000000e6d00000)
 ParOldGen       total 55296K, used 23081K [0x00000000a0c00000, 0x00000000a4200000, 0x00000000e0400000)
  object space 55296K, 41% used [0x00000000a0c00000,0x00000000a228a440,0x00000000a4200000)
 Metaspace       used 31752K, capacity 33810K, committed 33968K, reserved 1079296K
  class space    used 4073K, capacity 4440K, committed 4528K, reserved 1048576K
}
Event: 1302.518 GC heap before
{Heap before GC invocations=11 (full 1):
 PSYoungGen      total 78336K, used 77868K [0x00000000e0400000, 0x00000000e6d00000, 0x0000000100000000)
  eden space 62976K, 100% used [0x00000000e0400000,0x00000000e4180000,0x00000000e4180000)
  from space 15360K, 96% used [0x00000000e5400000,0x00000000e628b2f8,0x00000000e6300000)
  to   space 10240K, 0% used [0x00000000e6300000,0x00000000e6300000,0x00000000e6d00000)
 ParOldGen       total 55296K, used 23081K [0x00000000a0c00000, 0x00000000a4200000, 0x00000000e0400000)
  object space 55296K, 41% used [0x00000000a0c00000,0x00000000a228a440,0x00000000a4200000)
 Metaspace       used 32200K, capacity 34332K, committed 34480K, reserved 1079296K
  class space    used 4090K, capacity 4463K, committed 4528K, reserved 1048576K
Event: 1302.537 GC heap after
Heap after GC invocations=11 (full 1):
 PSYoungGen      total 71680K, used 10220K [0x00000000e0400000, 0x00000000e7100000, 0x0000000100000000)
  eden space 61440K, 0% used [0x00000000e0400000,0x00000000e0400000,0x00000000e4000000)
  from space 10240K, 99% used [0x00000000e6300000,0x00000000e6cfb1e8,0x00000000e6d00000)
  to   space 25088K, 0% used [0x00000000e4000000,0x00000000e4000000,0x00000000e5880000)
 ParOldGen       total 55296K, used 38185K [0x00000000a0c00000, 0x00000000a4200000, 0x00000000e0400000)
  object space 55296K, 69% used [0x00000000a0c00000,0x00000000a314a4b0,0x00000000a4200000)
 Metaspace       used 32200K, capacity 34332K, committed 34480K, reserved 1079296K
  class space    used 4090K, capacity 4463K, committed 4528K, reserved 1048576K
}

