# JRE version: Java(TM) SE Runtime Environment (8.0_202-b08) (build 1.8.0_202-b08)
# Java VM: Java HotSpot(TM) 64-Bit Server VM (25.202-b08 mixed mode windows-amd64 compressed oops)
Heap:
 PSYoungGen      total 53248K, used 53216K [0x00000000e0400000, 0x00000000e5d80000, 0x0000000100000000)
  eden space 49152K, 100% used [0x00000000e0400000,0x00000000e3400000,0x00000000e3400000)
  from space 4096K, 99% used [0x00000000e3400000,0x00000000e37f8020,0x00000000e3800000)
  to   space 11776K, 99% used [0x00000000e5200000,0x00000000e5d78020,0x00000000e5d80000)
 ParOldGen       total 57344K, used 18801K [0x00000000a0c00000, 0x00000000a4400000, 0x00000000e0400000)
  object space 57344K, 32% used [0x00000000a0c00000,0x00000000a1e5c640,0x00000000a4400000)
 Metaspace       used 29129K, capacity 30718K, committed 30848K, reserved 1075200K
  class space    used 3860K, capacity 4166K, committed 4224K, reserved 1048576K
GC Heap History (10 events):
Event: 0.823 GC heap after
Heap after GC invocations=2 (full 0):
 PSYoungGen      total 28672K, used 4069K [0x00000000e0400000, 0x00000000e3c00000, 0x0000000100000000)
  eden space 24576K, 0% used [0x00000000e0400000,0x00000000e0400000,0x00000000e1c00000)
  from space 4096K, 99% used [0x00000000e2000000,0x00000000e23f96f8,0x00000000e2400000)
  to   space 4096K, 0% used [0x00000000e1c00000,0x00000000e1c00000,0x00000000e2000000)
 ParOldGen       total 65536K, used 4934K [0x00000000a0c00000, 0x00000000a4c00000, 0x00000000e0400000)
  object space 65536K, 7% used [0x00000000a0c00000,0x00000000a10d19c0,0x00000000a4c00000)
 Metaspace       used 7430K, capacity 7700K, committed 7936K, reserved 1056768K
  class space    used 806K, capacity 904K, committed 1024K, reserved 1048576K
}
Event: 1.624 GC heap before
{Heap before GC invocations=3 (full 0):
 PSYoungGen      total 28672K, used 28645K [0x00000000e0400000, 0x00000000e3c00000, 0x0000000100000000)
  eden space 24576K, 100% used [0x00000000e0400000,0x00000000e1c00000,0x00000000e1c00000)
  from space 4096K, 99% used [0x00000000e2000000,0x00000000e23f96f8,0x00000000e2400000)
  to   space 4096K, 0% used [0x00000000e1c00000,0x00000000e1c00000,0x00000000e2000000)
 ParOldGen       total 65536K, used 4934K [0x00000000a0c00000, 0x00000000a4c00000, 0x00000000e0400000)
  object space 65536K, 7% used [0x00000000a0c00000,0x00000000a10d19c0,0x00000000a4c00000)
 Metaspace       used 16975K, capacity 17370K, committed 17536K, reserved 1064960K
  class space    used 2027K, capacity 2152K, committed 2176K, reserved 1048576K
Event: 1.632 GC heap after
Heap after GC invocations=3 (full 0):
 PSYoungGen      total 28672K, used 4080K [0x00000000e0400000, 0x00000000e3c00000, 0x0000000100000000)
  eden space 24576K, 0% used [0x00000000e0400000,0x00000000e0400000,0x00000000e1c00000)
  from space 4096K, 99% used [0x00000000e1c00000,0x00000000e1ffc060,0x00000000e2000000)
  to   space 4096K, 0% used [0x00000000e3800000,0x00000000e3800000,0x00000000e3c00000)
 ParOldGen       total 65536K, used 10414K [0x00000000a0c00000, 0x00000000a4c00000, 0x00000000e0400000)
  object space 65536K, 15% used [0x00000000a0c00000,0x00000000a162bb10,0x00000000a4c00000)
 Metaspace       used 16975K, capacity 17370K, committed 17536K, reserved 1064960K
  class space    used 2027K, capacity 2152K, committed 2176K, reserved 1048576K
}
Event: 2.134 GC heap before
{Heap before GC invocations=4 (full 0):
 PSYoungGen      total 28672K, used 23284K [0x00000000e0400000, 0x00000000e3c00000, 0x0000000100000000)
  eden space 24576K, 78% used [0x00000000e0400000,0x00000000e16c1218,0x00000000e1c00000)
  from space 4096K, 99% used [0x00000000e1c00000,0x00000000e1ffc060,0x00000000e2000000)
  to   space 4096K, 0% used [0x00000000e3800000,0x00000000e3800000,0x00000000e3c00000)
 ParOldGen       total 65536K, used 10414K [0x00000000a0c00000, 0x00000000a4c00000, 0x00000000e0400000)
  object space 65536K, 15% used [0x00000000a0c00000,0x00000000a162bb10,0x00000000a4c00000)
 Metaspace       used 20474K, capacity 21164K, committed 21296K, reserved 1067008K
  class space    used 2667K, capacity 2857K, committed 2944K, reserved 1048576K
Event: 2.139 GC heap after
Heap after GC invocations=4 (full 0):
 PSYoungGen      total 53248K, used 4080K [0x00000000e0400000, 0x00000000e3c00000, 0x0000000100000000)
  eden space 49152K, 0% used [0x00000000e0400000,0x00000000e0400000,0x00000000e3400000)
  from space 4096K, 99% used [0x00000000e3800000,0x00000000e3bfc040,0x00000000e3c00000)
  to   space 4096K, 0% used [0x00000000e3400000,0x00000000e3400000,0x00000000e3800000)
 ParOldGen       total 65536K, used 12187K [0x00000000a0c00000, 0x00000000a4c00000, 0x00000000e0400000)
  object space 65536K, 18% used [0x00000000a0c00000,0x00000000a17e6fa0,0x00000000a4c00000)
 Metaspace       used 20474K, capacity 21164K, committed 21296K, reserved 1067008K
  class space    used 2667K, capacity 2857K, committed 2944K, reserved 1048576K
}
Event: 2.139 GC heap before
{Heap before GC invocations=5 (full 1):
 PSYoungGen      total 53248K, used 4080K [0x00000000e0400000, 0x00000000e3c00000, 0x0000000100000000)
  eden space 49152K, 0% used [0x00000000e0400000,0x00000000e0400000,0x00000000e3400000)
  from space 4096K, 99% used [0x00000000e3800000,0x00000000e3bfc040,0x00000000e3c00000)
  to   space 4096K, 0% used [0x00000000e3400000,0x00000000e3400000,0x00000000e3800000)
 ParOldGen       total 65536K, used 12187K [0x00000000a0c00000, 0x00000000a4c00000, 0x00000000e0400000)
  object space 65536K, 18% used [0x00000000a0c00000,0x00000000a17e6fa0,0x00000000a4c00000)
 Metaspace       used 20474K, capacity 21164K, committed 21296K, reserved 1067008K
  class space    used 2667K, capacity 2857K, committed 2944K, reserved 1048576K
Event: 2.180 GC heap after
Heap after GC invocations=5 (full 1):
 PSYoungGen      total 53248K, used 0K [0x00000000e0400000, 0x00000000e3c00000, 0x0000000100000000)
  eden space 49152K, 0% used [0x00000000e0400000,0x00000000e0400000,0x00000000e3400000)
  from space 4096K, 0% used [0x00000000e3800000,0x00000000e3800000,0x00000000e3c00000)
  to   space 4096K, 0% used [0x00000000e3400000,0x00000000e3400000,0x00000000e3800000)
 ParOldGen       total 57344K, used 11682K [0x00000000a0c00000, 0x00000000a4400000, 0x00000000e0400000)
  object space 57344K, 20% used [0x00000000a0c00000,0x00000000a1768b80,0x00000000a4400000)
 Metaspace       used 20474K, capacity 21164K, committed 21296K, reserved 1067008K
  class space    used 2667K, capacity 2857K, committed 2944K, reserved 1048576K
}
Event: 3.865 GC heap before
{Heap before GC invocations=6 (full 1):
 PSYoungGen      total 53248K, used 49152K [0x00000000e0400000, 0x00000000e3c00000, 0x0000000100000000)
  eden space 49152K, 100% used [0x00000000e0400000,0x00000000e3400000,0x00000000e3400000)
  from space 4096K, 0% used [0x00000000e3800000,0x00000000e3800000,0x00000000e3c00000)
  to   space 4096K, 0% used [0x00000000e3400000,0x00000000e3400000,0x00000000e3800000)
 ParOldGen       total 57344K, used 11682K [0x00000000a0c00000, 0x00000000a4400000, 0x00000000e0400000)
  object space 57344K, 20% used [0x00000000a0c00000,0x00000000a1768b80,0x00000000a4400000)
 Metaspace       used 26899K, capacity 28150K, committed 28288K, reserved 1073152K
  class space    used 3666K, capacity 3946K, committed 3968K, reserved 1048576K
Event: 3.872 GC heap after
Heap after GC invocations=6 (full 1):
 PSYoungGen      total 53248K, used 4064K [0x00000000e0400000, 0x00000000e5d80000, 0x0000000100000000)
  eden space 49152K, 0% used [0x00000000e0400000,0x00000000e0400000,0x00000000e3400000)
  from space 4096K, 99% used [0x00000000e3400000,0x00000000e37f8020,0x00000000e3800000)
  to   space 11776K, 0% used [0x00000000e5200000,0x00000000e5200000,0x00000000e5d80000)
 ParOldGen       total 57344K, used 17081K [0x00000000a0c00000, 0x00000000a4400000, 0x00000000e0400000)
  object space 57344K, 29% used [0x00000000a0c00000,0x00000000a1cae518,0x00000000a4400000)
 Metaspace       used 26899K, capacity 28150K, committed 28288K, reserved 1073152K
  class space    used 3666K, capacity 3946K, committed 3968K, reserved 1048576K
}
Event: 10.142 GC heap before
{Heap before GC invocations=7 (full 1):
 PSYoungGen      total 53248K, used 53216K [0x00000000e0400000, 0x00000000e5d80000, 0x0000000100000000)
  eden space 49152K, 100% used [0x00000000e0400000,0x00000000e3400000,0x00000000e3400000)
  from space 4096K, 99% used [0x00000000e3400000,0x00000000e37f8020,0x00000000e3800000)
  to   space 11776K, 0% used [0x00000000e5200000,0x00000000e5200000,0x00000000e5d80000)
 ParOldGen       total 57344K, used 17081K [0x00000000a0c00000, 0x00000000a4400000, 0x00000000e0400000)
  object space 57344K, 29% used [0x00000000a0c00000,0x00000000a1cae518,0x00000000a4400000)
 Metaspace       used 29129K, capacity 30718K, committed 30848K, reserved 1075200K
  class space    used 3860K, capacity 4166K, committed 4224K, reserved 1048576K

